<?xml version="1.0" encoding="UTF-8"?>
<testsuite xmlns:xsi="http://www.w3.org/2001/XMLSchema-instance" xsi:noNamespaceSchemaLocation="https://maven.apache.org/surefire/maven-surefire-plugin/xsd/surefire-test-report-3.0.xsd" version="3.0" name="com.taimBack.TaimBackApplicationTests" time="10.379" tests="1" errors="0" skipped="0" failures="0">
  <properties>
[...]
</properties>
  <testcase name="contextLoads" classname="com.taimBack.TaimBackApplicationTests" time="0.92">
    <system-out><![CDATA[10:53:04.971 [main] INFO org.springframework.test.context.support.AnnotationConfigContextLoaderUtils -- Could not detect default configuration classes for test class [com.taimBack.TaimBackApplicationTests]: TaimBackApplicationTests does not declare any static, non-private, non-final, nested classes annotated with @Configuration.
10:53:05.138 [main] INFO org.springframework.boot.test.context.SpringBootTestContextBootstrapper -- Found @SpringBootConfiguration com.taimBack.TaimBackApplication for test class com.taimBack.TaimBackApplicationTests
10:53:05.476 [main] INFO org.springframework.boot.devtools.restart.RestartApplicationListener -- Restart disabled due to context in which it is running

  .   ____          _            __ _ _
 /\\ / ___'_ __ _ _(_)_ __  __ _ \ \ \ \
( ( )\___ | '_ | '_| | '_ \/ _` | \ \ \ \
 \\/  ___)| |_)| | | | | || (_| |  ) ) ) )
  '  |____| .__|_| |_|_| |_\__, | / / / /
 =========|_|==============|___/=/_/_/_/

 :: Spring Boot ::                (v3.3.1)

2024-07-20T10:53:05.918+02:00  INFO 19076 --- [taimBack.] [           main] com.taimBack.TaimBackApplicationTests    : Starting TaimBackApplicationTests using Java 17.0.8.1 with PID 19076 (started by Daniel in C:\Clases\Pablo Montesinos\springboot\taimBack-master)
2024-07-20T10:53:05.920+02:00  INFO 19076 --- [taimBack.] [           main] com.taimBack.TaimBackApplicationTests    : No active profile set, falling back to 1 default profile: "default"
2024-07-20T10:53:07.106+02:00  INFO 19076 --- [taimBack.] [           main] .s.d.r.c.RepositoryConfigurationDelegate : Bootstrapping Spring Data JPA repositories in DEFAULT mode.
2024-07-20T10:53:07.216+02:00  INFO 19076 --- [taimBack.] [           main] .s.d.r.c.RepositoryConfigurationDelegate : Finished Spring Data repository scanning in 95 ms. Found 3 JPA repository interfaces.
2024-07-20T10:53:08.011+02:00  INFO 19076 --- [taimBack.] [           main] com.zaxxer.hikari.HikariDataSource       : HikariPool-1 - Starting...
2024-07-20T10:53:08.806+02:00  INFO 19076 --- [taimBack.] [           main] com.zaxxer.hikari.pool.HikariPool        : HikariPool-1 - Added connection com.mysql.cj.jdbc.ConnectionImpl@6aa7e176
2024-07-20T10:53:08.809+02:00  INFO 19076 --- [taimBack.] [           main] com.zaxxer.hikari.HikariDataSource       : HikariPool-1 - Start completed.
2024-07-20T10:53:08.962+02:00  INFO 19076 --- [taimBack.] [           main] o.hibernate.jpa.internal.util.LogHelper  : HHH000204: Processing PersistenceUnitInfo [name: default]
2024-07-20T10:53:09.058+02:00  INFO 19076 --- [taimBack.] [           main] org.hibernate.Version                    : HHH000412: Hibernate ORM core version 6.5.2.Final
2024-07-20T10:53:09.119+02:00  INFO 19076 --- [taimBack.] [           main] o.h.c.internal.RegionFactoryInitiator    : HHH000026: Second-level cache disabled
2024-07-20T10:53:09.786+02:00  INFO 19076 --- [taimBack.] [           main] o.s.o.j.p.SpringPersistenceUnitInfo      : No LoadTimeWeaver setup: ignoring JPA class transformer
2024-07-20T10:53:09.996+02:00  WARN 19076 --- [taimBack.] [           main] org.hibernate.dialect.Dialect            : HHH000511: The 5.5.5 version for [org.hibernate.dialect.MySQLDialect] is no longer supported, hence certain features may not work properly. The minimum supported version is 8.0.0. Check the community dialects project for available legacy versions.
2024-07-20T10:53:11.683+02:00  INFO 19076 --- [taimBack.] [           main] o.h.e.t.j.p.i.JtaPlatformInitiator       : HHH000489: No JTA platform available (set 'hibernate.transaction.jta.platform' to enable JTA platform integration)
2024-07-20T10:53:12.343+02:00  INFO 19076 --- [taimBack.] [           main] j.LocalContainerEntityManagerFactoryBean : Initialized JPA EntityManagerFactory for persistence unit 'default'
2024-07-20T10:53:13.049+02:00  WARN 19076 --- [taimBack.] [           main] JpaBaseConfiguration$JpaWebConfiguration : spring.jpa.open-in-view is enabled by default. Therefore, database queries may be performed during view rendering. Explicitly configure spring.jpa.open-in-view to disable this warning
2024-07-20T10:53:13.081+02:00  WARN 19076 --- [taimBack.] [           main] r$InitializeUserDetailsManagerConfigurer : Global AuthenticationManager configured with an AuthenticationProvider bean. UserDetailsService beans will not be used for username/password login. Consider removing the AuthenticationProvider bean. Alternatively, consider using the UserDetailsService in a manually instantiated DaoAuthenticationProvider.
2024-07-20T10:53:14.129+02:00  INFO 19076 --- [taimBack.] [           main] com.taimBack.TaimBackApplicationTests    : Started TaimBackApplicationTests in 8.689 seconds (process running for 10.515)
]]></system-out>
  </testcase>
</testsuite>